The target system is: Generic - 3.5.99 - arm
The host system is: Linux - 6.12.25-1-MANJARO - x86_64
Compiling the C compiler identification source file "CMakeCCompilerId.c" succeeded.
Compiler: /home/pramos/ncs/toolchains/2be090971e/opt/zephyr-sdk/arm-zephyr-eabi/bin/arm-zephyr-eabi-gcc 
Build flags: 
Id flags: -c 

The output was:
0


Compilation of the C compiler identification source "CMakeCCompilerId.c" produced "CMakeCCompilerId.o"

The C compiler identification is GNU, found in "/home/pramos/Documents/Univ/SETR/Class11/basic_01_a_blinkDemo/build/CMakeFiles/3.21.0/CompilerIdC/CMakeCCompilerId.o"

Compiling the CXX compiler identification source file "CMakeCXXCompilerId.cpp" succeeded.
Compiler: /home/pramos/ncs/toolchains/2be090971e/opt/zephyr-sdk/arm-zephyr-eabi/bin/arm-zephyr-eabi-g++ 
Build flags: 
Id flags: -c 

The output was:
0


Compilation of the CXX compiler identification source "CMakeCXXCompilerId.cpp" produced "CMakeCXXCompilerId.o"

The CXX compiler identification is GNU, found in "/home/pramos/Documents/Univ/SETR/Class11/basic_01_a_blinkDemo/build/CMakeFiles/3.21.0/CompilerIdCXX/CMakeCXXCompilerId.o"

Checking whether the ASM compiler is GNU using "--version" matched "(GNU assembler)|(GCC)|(Free Software Foundation)":
arm-zephyr-eabi-gcc (Zephyr SDK 0.16.5) 12.2.0
Copyright (C) 2022 Free Software Foundation, Inc.
This is free software; see the source for copying conditions.  There is NO
warranty; not even for MERCHANTABILITY or FITNESS FOR A PARTICULAR PURPOSE.

Performing C SOURCE FILE Test check_C__nostartfiles__nostdlib__isystem___home_pramos_ncs_toolchains_2be090971e_opt_zephyr_sdk_arm_zephyr_eabi_bin____lib_gcc_arm_zephyr_eabi_12_2_0_include___isystem___home_pramos_ncs_toolchains_2be090971e_opt_zephyr_sdk_arm_zephyr_eabi_bin____lib_gcc_arm_zephyr_eabi_12_2_0_include_fixed___Wl___unresolved_symbols_ignore_in_object_files__Wl___entry_0 succeeded with the following output:
Change Dir: /home/pramos/Documents/Univ/SETR/Class11/basic_01_a_blinkDemo/build/CMakeFiles/CMakeTmp

Run Build Command(s):/home/pramos/ncs/toolchains/2be090971e/usr/local/bin/ninja cmTC_3217c && [1/2] Building C object CMakeFiles/cmTC_3217c.dir/src.c.obj
[2/2] Linking C executable cmTC_3217c


Source file was:
int main(void) { return 0; }
Performing C SOURCE FILE Test check_C__nostartfiles__nostdlib__isystem___home_pramos_ncs_toolchains_2be090971e_opt_zephyr_sdk_arm_zephyr_eabi_bin____lib_gcc_arm_zephyr_eabi_12_2_0_include___isystem___home_pramos_ncs_toolchains_2be090971e_opt_zephyr_sdk_arm_zephyr_eabi_bin____lib_gcc_arm_zephyr_eabi_12_2_0_include_fixed___Wl___unresolved_symbols_ignore_in_object_files__Wl___entry_0_ succeeded with the following output:
Change Dir: /home/pramos/Documents/Univ/SETR/Class11/basic_01_a_blinkDemo/build/CMakeFiles/CMakeTmp

Run Build Command(s):/home/pramos/ncs/toolchains/2be090971e/usr/local/bin/ninja cmTC_1eed6 && [1/2] Building C object CMakeFiles/cmTC_1eed6.dir/src.c.obj
[2/2] Linking C executable cmTC_1eed6


Source file was:
int main(void) { return 0; }
Performing C SOURCE FILE Test check_Wall_C__nostartfiles__nostdlib__isystem___home_pramos_ncs_toolchains_2be090971e_opt_zephyr_sdk_arm_zephyr_eabi_bin____lib_gcc_arm_zephyr_eabi_12_2_0_include___isystem___home_pramos_ncs_toolchains_2be090971e_opt_zephyr_sdk_arm_zephyr_eabi_bin____lib_gcc_arm_zephyr_eabi_12_2_0_include_fixed___Wl___unresolved_symbols_ignore_in_object_files__Wl___entry_0 succeeded with the following output:
Change Dir: /home/pramos/Documents/Univ/SETR/Class11/basic_01_a_blinkDemo/build/CMakeFiles/CMakeTmp

Run Build Command(s):/home/pramos/ncs/toolchains/2be090971e/usr/local/bin/ninja cmTC_0e50c && [1/2] Building C object CMakeFiles/cmTC_0e50c.dir/src.c.obj
[2/2] Linking C executable cmTC_0e50c


Source file was:
int main(void) { return 0; }
Performing C SOURCE FILE Test check_Wformat__Wformat_security_C__nostartfiles__nostdlib__isystem___home_pramos_ncs_toolchains_2be090971e_opt_zephyr_sdk_arm_zephyr_eabi_bin____lib_gcc_arm_zephyr_eabi_12_2_0_include___isystem___home_pramos_ncs_toolchains_2be090971e_opt_zephyr_sdk_arm_zephyr_eabi_bin____lib_gcc_arm_zephyr_eabi_12_2_0_include_fixed___Wl___unresolved_symbols_ignore_in_object_files__Wl___entry_0 succeeded with the following output:
Change Dir: /home/pramos/Documents/Univ/SETR/Class11/basic_01_a_blinkDemo/build/CMakeFiles/CMakeTmp

Run Build Command(s):/home/pramos/ncs/toolchains/2be090971e/usr/local/bin/ninja cmTC_92fc0 && [1/2] Building C object CMakeFiles/cmTC_92fc0.dir/src.c.obj
[2/2] Linking C executable cmTC_92fc0


Source file was:
int main(void) { return 0; }
Performing C SOURCE FILE Test check_Wformat__Wformat_zero_length_C__nostartfiles__nostdlib__isystem___home_pramos_ncs_toolchains_2be090971e_opt_zephyr_sdk_arm_zephyr_eabi_bin____lib_gcc_arm_zephyr_eabi_12_2_0_include___isystem___home_pramos_ncs_toolchains_2be090971e_opt_zephyr_sdk_arm_zephyr_eabi_bin____lib_gcc_arm_zephyr_eabi_12_2_0_include_fixed___Wl___unresolved_symbols_ignore_in_object_files__Wl___entry_0 succeeded with the following output:
Change Dir: /home/pramos/Documents/Univ/SETR/Class11/basic_01_a_blinkDemo/build/CMakeFiles/CMakeTmp

Run Build Command(s):/home/pramos/ncs/toolchains/2be090971e/usr/local/bin/ninja cmTC_448fe && [1/2] Building C object CMakeFiles/cmTC_448fe.dir/src.c.obj
[2/2] Linking C executable cmTC_448fe


Source file was:
int main(void) { return 0; }
Performing C SOURCE FILE Test check_Wpointer_sign_C__nostartfiles__nostdlib__isystem___home_pramos_ncs_toolchains_2be090971e_opt_zephyr_sdk_arm_zephyr_eabi_bin____lib_gcc_arm_zephyr_eabi_12_2_0_include___isystem___home_pramos_ncs_toolchains_2be090971e_opt_zephyr_sdk_arm_zephyr_eabi_bin____lib_gcc_arm_zephyr_eabi_12_2_0_include_fixed___Wl___unresolved_symbols_ignore_in_object_files__Wl___entry_0 succeeded with the following output:
Change Dir: /home/pramos/Documents/Univ/SETR/Class11/basic_01_a_blinkDemo/build/CMakeFiles/CMakeTmp

Run Build Command(s):/home/pramos/ncs/toolchains/2be090971e/usr/local/bin/ninja cmTC_5aa67 && [1/2] Building C object CMakeFiles/cmTC_5aa67.dir/src.c.obj
[2/2] Linking C executable cmTC_5aa67


Source file was:
int main(void) { return 0; }
Performing C SOURCE FILE Test check_Wpointer_arith_C__nostartfiles__nostdlib__isystem___home_pramos_ncs_toolchains_2be090971e_opt_zephyr_sdk_arm_zephyr_eabi_bin____lib_gcc_arm_zephyr_eabi_12_2_0_include___isystem___home_pramos_ncs_toolchains_2be090971e_opt_zephyr_sdk_arm_zephyr_eabi_bin____lib_gcc_arm_zephyr_eabi_12_2_0_include_fixed___Wl___unresolved_symbols_ignore_in_object_files__Wl___entry_0 succeeded with the following output:
Change Dir: /home/pramos/Documents/Univ/SETR/Class11/basic_01_a_blinkDemo/build/CMakeFiles/CMakeTmp

Run Build Command(s):/home/pramos/ncs/toolchains/2be090971e/usr/local/bin/ninja cmTC_3c4b9 && [1/2] Building C object CMakeFiles/cmTC_3c4b9.dir/src.c.obj
[2/2] Linking C executable cmTC_3c4b9


Source file was:
int main(void) { return 0; }
Performing C SOURCE FILE Test check_Wexpansion_to_defined_C__nostartfiles__nostdlib__isystem___home_pramos_ncs_toolchains_2be090971e_opt_zephyr_sdk_arm_zephyr_eabi_bin____lib_gcc_arm_zephyr_eabi_12_2_0_include___isystem___home_pramos_ncs_toolchains_2be090971e_opt_zephyr_sdk_arm_zephyr_eabi_bin____lib_gcc_arm_zephyr_eabi_12_2_0_include_fixed___Wl___unresolved_symbols_ignore_in_object_files__Wl___entry_0 succeeded with the following output:
Change Dir: /home/pramos/Documents/Univ/SETR/Class11/basic_01_a_blinkDemo/build/CMakeFiles/CMakeTmp

Run Build Command(s):/home/pramos/ncs/toolchains/2be090971e/usr/local/bin/ninja cmTC_c4043 && [1/2] Building C object CMakeFiles/cmTC_c4043.dir/src.c.obj
[2/2] Linking C executable cmTC_c4043


Source file was:
int main(void) { return 0; }
Performing C SOURCE FILE Test check_Wlogical_op_C__nostartfiles__nostdlib__isystem___home_pramos_ncs_toolchains_2be090971e_opt_zephyr_sdk_arm_zephyr_eabi_bin____lib_gcc_arm_zephyr_eabi_12_2_0_include___isystem___home_pramos_ncs_toolchains_2be090971e_opt_zephyr_sdk_arm_zephyr_eabi_bin____lib_gcc_arm_zephyr_eabi_12_2_0_include_fixed___Wl___unresolved_symbols_ignore_in_object_files__Wl___entry_0 succeeded with the following output:
Change Dir: /home/pramos/Documents/Univ/SETR/Class11/basic_01_a_blinkDemo/build/CMakeFiles/CMakeTmp

Run Build Command(s):/home/pramos/ncs/toolchains/2be090971e/usr/local/bin/ninja cmTC_12dc2 && [1/2] Building C object CMakeFiles/cmTC_12dc2.dir/src.c.obj
[2/2] Linking C executable cmTC_12dc2


Source file was:
int main(void) { return 0; }
Performing C SOURCE FILE Test check_Wmissing_field_initializers_C__nostartfiles__nostdlib__isystem___home_pramos_ncs_toolchains_2be090971e_opt_zephyr_sdk_arm_zephyr_eabi_bin____lib_gcc_arm_zephyr_eabi_12_2_0_include___isystem___home_pramos_ncs_toolchains_2be090971e_opt_zephyr_sdk_arm_zephyr_eabi_bin____lib_gcc_arm_zephyr_eabi_12_2_0_include_fixed___Wl___unresolved_symbols_ignore_in_object_files__Wl___entry_0 succeeded with the following output:
Change Dir: /home/pramos/Documents/Univ/SETR/Class11/basic_01_a_blinkDemo/build/CMakeFiles/CMakeTmp

Run Build Command(s):/home/pramos/ncs/toolchains/2be090971e/usr/local/bin/ninja cmTC_18106 && [1/2] Building C object CMakeFiles/cmTC_18106.dir/src.c.obj
[2/2] Linking C executable cmTC_18106


Source file was:
int main(void) { return 0; }
Performing C SOURCE FILE Test check_Wpacked_bitfield_compat_C__nostartfiles__nostdlib__isystem___home_pramos_ncs_toolchains_2be090971e_opt_zephyr_sdk_arm_zephyr_eabi_bin____lib_gcc_arm_zephyr_eabi_12_2_0_include___isystem___home_pramos_ncs_toolchains_2be090971e_opt_zephyr_sdk_arm_zephyr_eabi_bin____lib_gcc_arm_zephyr_eabi_12_2_0_include_fixed___Wl___unresolved_symbols_ignore_in_object_files__Wl___entry_0 succeeded with the following output:
Change Dir: /home/pramos/Documents/Univ/SETR/Class11/basic_01_a_blinkDemo/build/CMakeFiles/CMakeTmp

Run Build Command(s):/home/pramos/ncs/toolchains/2be090971e/usr/local/bin/ninja cmTC_16d4f && [1/2] Building C object CMakeFiles/cmTC_16d4f.dir/src.c.obj
[2/2] Linking C executable cmTC_16d4f


Source file was:
int main(void) { return 0; }
Performing C SOURCE FILE Test check_Wvla_C__nostartfiles__nostdlib__isystem___home_pramos_ncs_toolchains_2be090971e_opt_zephyr_sdk_arm_zephyr_eabi_bin____lib_gcc_arm_zephyr_eabi_12_2_0_include___isystem___home_pramos_ncs_toolchains_2be090971e_opt_zephyr_sdk_arm_zephyr_eabi_bin____lib_gcc_arm_zephyr_eabi_12_2_0_include_fixed___Wl___unresolved_symbols_ignore_in_object_files__Wl___entry_0 succeeded with the following output:
Change Dir: /home/pramos/Documents/Univ/SETR/Class11/basic_01_a_blinkDemo/build/CMakeFiles/CMakeTmp

Run Build Command(s):/home/pramos/ncs/toolchains/2be090971e/usr/local/bin/ninja cmTC_78964 && [1/2] Building C object CMakeFiles/cmTC_78964.dir/src.c.obj
[2/2] Linking C executable cmTC_78964


Source file was:
int main(void) { return 0; }
Performing C SOURCE FILE Test check_Wunused_but_set_variable_C__nostartfiles__nostdlib__isystem___home_pramos_ncs_toolchains_2be090971e_opt_zephyr_sdk_arm_zephyr_eabi_bin____lib_gcc_arm_zephyr_eabi_12_2_0_include___isystem___home_pramos_ncs_toolchains_2be090971e_opt_zephyr_sdk_arm_zephyr_eabi_bin____lib_gcc_arm_zephyr_eabi_12_2_0_include_fixed___Wl___unresolved_symbols_ignore_in_object_files__Wl___entry_0 succeeded with the following output:
Change Dir: /home/pramos/Documents/Univ/SETR/Class11/basic_01_a_blinkDemo/build/CMakeFiles/CMakeTmp

Run Build Command(s):/home/pramos/ncs/toolchains/2be090971e/usr/local/bin/ninja cmTC_4bc6c && [1/2] Building C object CMakeFiles/cmTC_4bc6c.dir/src.c.obj
[2/2] Linking C executable cmTC_4bc6c


Source file was:
int main(void) { return 0; }
Performing C SOURCE FILE Test check_Werror_implicit_int_C__nostartfiles__nostdlib__isystem___home_pramos_ncs_toolchains_2be090971e_opt_zephyr_sdk_arm_zephyr_eabi_bin____lib_gcc_arm_zephyr_eabi_12_2_0_include___isystem___home_pramos_ncs_toolchains_2be090971e_opt_zephyr_sdk_arm_zephyr_eabi_bin____lib_gcc_arm_zephyr_eabi_12_2_0_include_fixed___Wl___unresolved_symbols_ignore_in_object_files__Wl___entry_0 succeeded with the following output:
Change Dir: /home/pramos/Documents/Univ/SETR/Class11/basic_01_a_blinkDemo/build/CMakeFiles/CMakeTmp

Run Build Command(s):/home/pramos/ncs/toolchains/2be090971e/usr/local/bin/ninja cmTC_1d27b && [1/2] Building C object CMakeFiles/cmTC_1d27b.dir/src.c.obj
[2/2] Linking C executable cmTC_1d27b


Source file was:
int main(void) { return 0; }
Performing C SOURCE FILE Test check_mstack_protector_guard_global_C__nostartfiles__nostdlib__isystem___home_pramos_ncs_toolchains_2be090971e_opt_zephyr_sdk_arm_zephyr_eabi_bin____lib_gcc_arm_zephyr_eabi_12_2_0_include___isystem___home_pramos_ncs_toolchains_2be090971e_opt_zephyr_sdk_arm_zephyr_eabi_bin____lib_gcc_arm_zephyr_eabi_12_2_0_include_fixed___Wl___unresolved_symbols_ignore_in_object_files__Wl___entry_0 succeeded with the following output:
Change Dir: /home/pramos/Documents/Univ/SETR/Class11/basic_01_a_blinkDemo/build/CMakeFiles/CMakeTmp

Run Build Command(s):/home/pramos/ncs/toolchains/2be090971e/usr/local/bin/ninja cmTC_c87a1 && [1/2] Building C object CMakeFiles/cmTC_c87a1.dir/src.c.obj
[2/2] Linking C executable cmTC_c87a1


Source file was:
int main(void) { return 0; }
Performing C SOURCE FILE Test check_fno_freestanding_C__nostartfiles__nostdlib__isystem___home_pramos_ncs_toolchains_2be090971e_opt_zephyr_sdk_arm_zephyr_eabi_bin____lib_gcc_arm_zephyr_eabi_12_2_0_include___isystem___home_pramos_ncs_toolchains_2be090971e_opt_zephyr_sdk_arm_zephyr_eabi_bin____lib_gcc_arm_zephyr_eabi_12_2_0_include_fixed___Wl___unresolved_symbols_ignore_in_object_files__Wl___entry_0 succeeded with the following output:
Change Dir: /home/pramos/Documents/Univ/SETR/Class11/basic_01_a_blinkDemo/build/CMakeFiles/CMakeTmp

Run Build Command(s):/home/pramos/ncs/toolchains/2be090971e/usr/local/bin/ninja cmTC_3d51e && [1/2] Building C object CMakeFiles/cmTC_3d51e.dir/src.c.obj
[2/2] Linking C executable cmTC_3d51e


Source file was:
int main(void) { return 0; }
Performing C SOURCE FILE Test check_ffreestanding_C__nostartfiles__nostdlib__isystem___home_pramos_ncs_toolchains_2be090971e_opt_zephyr_sdk_arm_zephyr_eabi_bin____lib_gcc_arm_zephyr_eabi_12_2_0_include___isystem___home_pramos_ncs_toolchains_2be090971e_opt_zephyr_sdk_arm_zephyr_eabi_bin____lib_gcc_arm_zephyr_eabi_12_2_0_include_fixed___Wl___unresolved_symbols_ignore_in_object_files__Wl___entry_0 succeeded with the following output:
Change Dir: /home/pramos/Documents/Univ/SETR/Class11/basic_01_a_blinkDemo/build/CMakeFiles/CMakeTmp

Run Build Command(s):/home/pramos/ncs/toolchains/2be090971e/usr/local/bin/ninja cmTC_01fb5 && [1/2] Building C object CMakeFiles/cmTC_01fb5.dir/src.c.obj
[2/2] Linking C executable cmTC_01fb5


Source file was:
int main(void) { return 0; }
Performing C SOURCE FILE Test check_gdwarf_4_C__nostartfiles__nostdlib__isystem___home_pramos_ncs_toolchains_2be090971e_opt_zephyr_sdk_arm_zephyr_eabi_bin____lib_gcc_arm_zephyr_eabi_12_2_0_include___isystem___home_pramos_ncs_toolchains_2be090971e_opt_zephyr_sdk_arm_zephyr_eabi_bin____lib_gcc_arm_zephyr_eabi_12_2_0_include_fixed___Wl___unresolved_symbols_ignore_in_object_files__Wl___entry_0 succeeded with the following output:
Change Dir: /home/pramos/Documents/Univ/SETR/Class11/basic_01_a_blinkDemo/build/CMakeFiles/CMakeTmp

Run Build Command(s):/home/pramos/ncs/toolchains/2be090971e/usr/local/bin/ninja cmTC_5cc56 && [1/2] Building C object CMakeFiles/cmTC_5cc56.dir/src.c.obj
[2/2] Linking C executable cmTC_5cc56


Source file was:
int main(void) { return 0; }
Performing C SOURCE FILE Test check_C__nostartfiles__nostdlib__isystem___home_pramos_ncs_toolchains_2be090971e_opt_zephyr_sdk_arm_zephyr_eabi_bin____lib_gcc_arm_zephyr_eabi_12_2_0_include___isystem___home_pramos_ncs_toolchains_2be090971e_opt_zephyr_sdk_arm_zephyr_eabi_bin____lib_gcc_arm_zephyr_eabi_12_2_0_include_fixed___Wl___unresolved_symbols_ignore_in_object_files__Wl___entry_0__Wl___print_memory_usage succeeded with the following output:
Change Dir: /home/pramos/Documents/Univ/SETR/Class11/basic_01_a_blinkDemo/build/CMakeFiles/CMakeTmp

Run Build Command(s):/home/pramos/ncs/toolchains/2be090971e/usr/local/bin/ninja cmTC_1f673 && [1/2] Building C object CMakeFiles/cmTC_1f673.dir/src.c.obj
[2/2] Linking C executable cmTC_1f673
Memory region         Used Size  Region Size  %age Used


Source file was:
int main(void) { return 0; }
Performing C SOURCE FILE Test check_C__nostartfiles__nostdlib__isystem___home_pramos_ncs_toolchains_2be090971e_opt_zephyr_sdk_arm_zephyr_eabi_bin____lib_gcc_arm_zephyr_eabi_12_2_0_include___isystem___home_pramos_ncs_toolchains_2be090971e_opt_zephyr_sdk_arm_zephyr_eabi_bin____lib_gcc_arm_zephyr_eabi_12_2_0_include_fixed___Wl___unresolved_symbols_ignore_in_object_files__Wl___entry_0__pg succeeded with the following output:
Change Dir: /home/pramos/Documents/Univ/SETR/Class11/basic_01_a_blinkDemo/build/CMakeFiles/CMakeTmp

Run Build Command(s):/home/pramos/ncs/toolchains/2be090971e/usr/local/bin/ninja cmTC_f3f1c && [1/2] Building C object CMakeFiles/cmTC_f3f1c.dir/src.c.obj
[2/2] Linking C executable cmTC_f3f1c


Source file was:
int main(void) { return 0; }
Performing C SOURCE FILE Test check_C__nostartfiles__nostdlib__isystem___home_pramos_ncs_toolchains_2be090971e_opt_zephyr_sdk_arm_zephyr_eabi_bin____lib_gcc_arm_zephyr_eabi_12_2_0_include___isystem___home_pramos_ncs_toolchains_2be090971e_opt_zephyr_sdk_arm_zephyr_eabi_bin____lib_gcc_arm_zephyr_eabi_12_2_0_include_fixed___Wl___unresolved_symbols_ignore_in_object_files__Wl___entry_0__mcpu_cortex_m4__mthumb__mabi_aapcs__mfp16_format_ieee__mtp_soft succeeded with the following output:
Change Dir: /home/pramos/Documents/Univ/SETR/Class11/basic_01_a_blinkDemo/build/CMakeFiles/CMakeTmp

Run Build Command(s):/home/pramos/ncs/toolchains/2be090971e/usr/local/bin/ninja cmTC_9d9c5 && [1/2] Building C object CMakeFiles/cmTC_9d9c5.dir/src.c.obj
[2/2] Linking C executable cmTC_9d9c5


Source file was:
int main(void) { return 0; }
Performing C SOURCE FILE Test check_C__nostartfiles__nostdlib__isystem___home_pramos_ncs_toolchains_2be090971e_opt_zephyr_sdk_arm_zephyr_eabi_bin____lib_gcc_arm_zephyr_eabi_12_2_0_include___isystem___home_pramos_ncs_toolchains_2be090971e_opt_zephyr_sdk_arm_zephyr_eabi_bin____lib_gcc_arm_zephyr_eabi_12_2_0_include_fixed___Wl___unresolved_symbols_ignore_in_object_files__Wl___entry_0__Wl___gc_sections succeeded with the following output:
Change Dir: /home/pramos/Documents/Univ/SETR/Class11/basic_01_a_blinkDemo/build/CMakeFiles/CMakeTmp

Run Build Command(s):/home/pramos/ncs/toolchains/2be090971e/usr/local/bin/ninja cmTC_c4070 && [1/2] Building C object CMakeFiles/cmTC_c4070.dir/src.c.obj
[2/2] Linking C executable cmTC_c4070


Source file was:
int main(void) { return 0; }
Performing C SOURCE FILE Test check_C__nostartfiles__nostdlib__isystem___home_pramos_ncs_toolchains_2be090971e_opt_zephyr_sdk_arm_zephyr_eabi_bin____lib_gcc_arm_zephyr_eabi_12_2_0_include___isystem___home_pramos_ncs_toolchains_2be090971e_opt_zephyr_sdk_arm_zephyr_eabi_bin____lib_gcc_arm_zephyr_eabi_12_2_0_include_fixed___Wl___unresolved_symbols_ignore_in_object_files__Wl___entry_0__Wl___build_id_none succeeded with the following output:
Change Dir: /home/pramos/Documents/Univ/SETR/Class11/basic_01_a_blinkDemo/build/CMakeFiles/CMakeTmp

Run Build Command(s):/home/pramos/ncs/toolchains/2be090971e/usr/local/bin/ninja cmTC_85e03 && [1/2] Building C object CMakeFiles/cmTC_85e03.dir/src.c.obj
[2/2] Linking C executable cmTC_85e03


Source file was:
int main(void) { return 0; }
Performing C SOURCE FILE Test check_C__nostartfiles__nostdlib__isystem___home_pramos_ncs_toolchains_2be090971e_opt_zephyr_sdk_arm_zephyr_eabi_bin____lib_gcc_arm_zephyr_eabi_12_2_0_include___isystem___home_pramos_ncs_toolchains_2be090971e_opt_zephyr_sdk_arm_zephyr_eabi_bin____lib_gcc_arm_zephyr_eabi_12_2_0_include_fixed___Wl___unresolved_symbols_ignore_in_object_files__Wl___entry_0__Wl___sort_common_descending succeeded with the following output:
Change Dir: /home/pramos/Documents/Univ/SETR/Class11/basic_01_a_blinkDemo/build/CMakeFiles/CMakeTmp

Run Build Command(s):/home/pramos/ncs/toolchains/2be090971e/usr/local/bin/ninja cmTC_54f90 && [1/2] Building C object CMakeFiles/cmTC_54f90.dir/src.c.obj
[2/2] Linking C executable cmTC_54f90


Source file was:
int main(void) { return 0; }
Performing C SOURCE FILE Test check_C__nostartfiles__nostdlib__isystem___home_pramos_ncs_toolchains_2be090971e_opt_zephyr_sdk_arm_zephyr_eabi_bin____lib_gcc_arm_zephyr_eabi_12_2_0_include___isystem___home_pramos_ncs_toolchains_2be090971e_opt_zephyr_sdk_arm_zephyr_eabi_bin____lib_gcc_arm_zephyr_eabi_12_2_0_include_fixed___Wl___unresolved_symbols_ignore_in_object_files__Wl___entry_0__Wl___sort_section_alignment succeeded with the following output:
Change Dir: /home/pramos/Documents/Univ/SETR/Class11/basic_01_a_blinkDemo/build/CMakeFiles/CMakeTmp

Run Build Command(s):/home/pramos/ncs/toolchains/2be090971e/usr/local/bin/ninja cmTC_198e1 && [1/2] Building C object CMakeFiles/cmTC_198e1.dir/src.c.obj
[2/2] Linking C executable cmTC_198e1


Source file was:
int main(void) { return 0; }
Performing C SOURCE FILE Test check_C__nostartfiles__nostdlib__isystem___home_pramos_ncs_toolchains_2be090971e_opt_zephyr_sdk_arm_zephyr_eabi_bin____lib_gcc_arm_zephyr_eabi_12_2_0_include___isystem___home_pramos_ncs_toolchains_2be090971e_opt_zephyr_sdk_arm_zephyr_eabi_bin____lib_gcc_arm_zephyr_eabi_12_2_0_include_fixed___Wl___unresolved_symbols_ignore_in_object_files__Wl___entry_0__nostdlib succeeded with the following output:
Change Dir: /home/pramos/Documents/Univ/SETR/Class11/basic_01_a_blinkDemo/build/CMakeFiles/CMakeTmp

Run Build Command(s):/home/pramos/ncs/toolchains/2be090971e/usr/local/bin/ninja cmTC_1da31 && [1/2] Building C object CMakeFiles/cmTC_1da31.dir/src.c.obj
[2/2] Linking C executable cmTC_1da31


Source file was:
int main(void) { return 0; }
Performing C SOURCE FILE Test check_C__nostartfiles__nostdlib__isystem___home_pramos_ncs_toolchains_2be090971e_opt_zephyr_sdk_arm_zephyr_eabi_bin____lib_gcc_arm_zephyr_eabi_12_2_0_include___isystem___home_pramos_ncs_toolchains_2be090971e_opt_zephyr_sdk_arm_zephyr_eabi_bin____lib_gcc_arm_zephyr_eabi_12_2_0_include_fixed___Wl___unresolved_symbols_ignore_in_object_files__Wl___entry_0__static succeeded with the following output:
Change Dir: /home/pramos/Documents/Univ/SETR/Class11/basic_01_a_blinkDemo/build/CMakeFiles/CMakeTmp

Run Build Command(s):/home/pramos/ncs/toolchains/2be090971e/usr/local/bin/ninja cmTC_80b0d && [1/2] Building C object CMakeFiles/cmTC_80b0d.dir/src.c.obj
[2/2] Linking C executable cmTC_80b0d


Source file was:
int main(void) { return 0; }
Performing C SOURCE FILE Test check_C__nostartfiles__nostdlib__isystem___home_pramos_ncs_toolchains_2be090971e_opt_zephyr_sdk_arm_zephyr_eabi_bin____lib_gcc_arm_zephyr_eabi_12_2_0_include___isystem___home_pramos_ncs_toolchains_2be090971e_opt_zephyr_sdk_arm_zephyr_eabi_bin____lib_gcc_arm_zephyr_eabi_12_2_0_include_fixed___Wl___unresolved_symbols_ignore_in_object_files__Wl___entry_0__Wl__X succeeded with the following output:
Change Dir: /home/pramos/Documents/Univ/SETR/Class11/basic_01_a_blinkDemo/build/CMakeFiles/CMakeTmp

Run Build Command(s):/home/pramos/ncs/toolchains/2be090971e/usr/local/bin/ninja cmTC_d6c69 && [1/2] Building C object CMakeFiles/cmTC_d6c69.dir/src.c.obj
[2/2] Linking C executable cmTC_d6c69


Source file was:
int main(void) { return 0; }
Performing C SOURCE FILE Test check_C__nostartfiles__nostdlib__isystem___home_pramos_ncs_toolchains_2be090971e_opt_zephyr_sdk_arm_zephyr_eabi_bin____lib_gcc_arm_zephyr_eabi_12_2_0_include___isystem___home_pramos_ncs_toolchains_2be090971e_opt_zephyr_sdk_arm_zephyr_eabi_bin____lib_gcc_arm_zephyr_eabi_12_2_0_include_fixed___Wl___unresolved_symbols_ignore_in_object_files__Wl___entry_0__Wl__N succeeded with the following output:
Change Dir: /home/pramos/Documents/Univ/SETR/Class11/basic_01_a_blinkDemo/build/CMakeFiles/CMakeTmp

Run Build Command(s):/home/pramos/ncs/toolchains/2be090971e/usr/local/bin/ninja cmTC_b94a9 && [1/2] Building C object CMakeFiles/cmTC_b94a9.dir/src.c.obj
[2/2] Linking C executable cmTC_b94a9


Source file was:
int main(void) { return 0; }
Performing C SOURCE FILE Test check_C__nostartfiles__nostdlib__isystem___home_pramos_ncs_toolchains_2be090971e_opt_zephyr_sdk_arm_zephyr_eabi_bin____lib_gcc_arm_zephyr_eabi_12_2_0_include___isystem___home_pramos_ncs_toolchains_2be090971e_opt_zephyr_sdk_arm_zephyr_eabi_bin____lib_gcc_arm_zephyr_eabi_12_2_0_include_fixed___Wl___unresolved_symbols_ignore_in_object_files__Wl___entry_0__Wl___orphan_handling_warn succeeded with the following output:
Change Dir: /home/pramos/Documents/Univ/SETR/Class11/basic_01_a_blinkDemo/build/CMakeFiles/CMakeTmp

Run Build Command(s):/home/pramos/ncs/toolchains/2be090971e/usr/local/bin/ninja cmTC_a8a4b && [1/2] Building C object CMakeFiles/cmTC_a8a4b.dir/src.c.obj
[2/2] Linking C executable cmTC_a8a4b


Source file was:
int main(void) { return 0; }
Performing C SOURCE FILE Test check_fno_asynchronous_unwind_tables_C__nostartfiles__nostdlib__isystem___home_pramos_ncs_toolchains_2be090971e_opt_zephyr_sdk_arm_zephyr_eabi_bin____lib_gcc_arm_zephyr_eabi_12_2_0_include___isystem___home_pramos_ncs_toolchains_2be090971e_opt_zephyr_sdk_arm_zephyr_eabi_bin____lib_gcc_arm_zephyr_eabi_12_2_0_include_fixed___Wl___unresolved_symbols_ignore_in_object_files__Wl___entry_0 succeeded with the following output:
Change Dir: /home/pramos/Documents/Univ/SETR/Class11/basic_01_a_blinkDemo/build/CMakeFiles/CMakeTmp

Run Build Command(s):/home/pramos/ncs/toolchains/2be090971e/usr/local/bin/ninja cmTC_3d3bd && [1/2] Building C object CMakeFiles/cmTC_3d3bd.dir/src.c.obj
[2/2] Linking C executable cmTC_3d3bd


Source file was:
int main(void) { return 0; }
Performing C SOURCE FILE Test check_ftls_model_local_exec_C__nostartfiles__nostdlib__isystem___home_pramos_ncs_toolchains_2be090971e_opt_zephyr_sdk_arm_zephyr_eabi_bin____lib_gcc_arm_zephyr_eabi_12_2_0_include___isystem___home_pramos_ncs_toolchains_2be090971e_opt_zephyr_sdk_arm_zephyr_eabi_bin____lib_gcc_arm_zephyr_eabi_12_2_0_include_fixed___Wl___unresolved_symbols_ignore_in_object_files__Wl___entry_0 succeeded with the following output:
Change Dir: /home/pramos/Documents/Univ/SETR/Class11/basic_01_a_blinkDemo/build/CMakeFiles/CMakeTmp

Run Build Command(s):/home/pramos/ncs/toolchains/2be090971e/usr/local/bin/ninja cmTC_18568 && [1/2] Building C object CMakeFiles/cmTC_18568.dir/src.c.obj
[2/2] Linking C executable cmTC_18568


Source file was:
int main(void) { return 0; }
Performing C SOURCE FILE Test check_fno_reorder_functions_C__nostartfiles__nostdlib__isystem___home_pramos_ncs_toolchains_2be090971e_opt_zephyr_sdk_arm_zephyr_eabi_bin____lib_gcc_arm_zephyr_eabi_12_2_0_include___isystem___home_pramos_ncs_toolchains_2be090971e_opt_zephyr_sdk_arm_zephyr_eabi_bin____lib_gcc_arm_zephyr_eabi_12_2_0_include_fixed___Wl___unresolved_symbols_ignore_in_object_files__Wl___entry_0 succeeded with the following output:
Change Dir: /home/pramos/Documents/Univ/SETR/Class11/basic_01_a_blinkDemo/build/CMakeFiles/CMakeTmp

Run Build Command(s):/home/pramos/ncs/toolchains/2be090971e/usr/local/bin/ninja cmTC_8e29d && [1/2] Building C object CMakeFiles/cmTC_8e29d.dir/src.c.obj
[2/2] Linking C executable cmTC_8e29d


Source file was:
int main(void) { return 0; }
Performing C SOURCE FILE Test check__param_min_pagesize_0_C__nostartfiles__nostdlib__isystem___home_pramos_ncs_toolchains_2be090971e_opt_zephyr_sdk_arm_zephyr_eabi_bin____lib_gcc_arm_zephyr_eabi_12_2_0_include___isystem___home_pramos_ncs_toolchains_2be090971e_opt_zephyr_sdk_arm_zephyr_eabi_bin____lib_gcc_arm_zephyr_eabi_12_2_0_include_fixed___Wl___unresolved_symbols_ignore_in_object_files__Wl___entry_0 succeeded with the following output:
Change Dir: /home/pramos/Documents/Univ/SETR/Class11/basic_01_a_blinkDemo/build/CMakeFiles/CMakeTmp

Run Build Command(s):/home/pramos/ncs/toolchains/2be090971e/usr/local/bin/ninja cmTC_d59f1 && [1/2] Building C object CMakeFiles/cmTC_d59f1.dir/src.c.obj
[2/2] Linking C executable cmTC_d59f1


Source file was:
int main(void) { return 0; }
Performing C SOURCE FILE Test check_fno_defer_pop_C__nostartfiles__nostdlib__isystem___home_pramos_ncs_toolchains_2be090971e_opt_zephyr_sdk_arm_zephyr_eabi_bin____lib_gcc_arm_zephyr_eabi_12_2_0_include___isystem___home_pramos_ncs_toolchains_2be090971e_opt_zephyr_sdk_arm_zephyr_eabi_bin____lib_gcc_arm_zephyr_eabi_12_2_0_include_fixed___Wl___unresolved_symbols_ignore_in_object_files__Wl___entry_0 succeeded with the following output:
Change Dir: /home/pramos/Documents/Univ/SETR/Class11/basic_01_a_blinkDemo/build/CMakeFiles/CMakeTmp

Run Build Command(s):/home/pramos/ncs/toolchains/2be090971e/usr/local/bin/ninja cmTC_c8b6f && [1/2] Building C object CMakeFiles/cmTC_c8b6f.dir/src.c.obj
[2/2] Linking C executable cmTC_c8b6f


Source file was:
int main(void) { return 0; }
Performing C SOURCE FILE Test check_fmacro_prefix_map__home_pramos_Documents_Univ_SETR_Class11_basic_01_a_blinkDemo_CMAKE_SOURCE_DIR_C__nostartfiles__nostdlib__isystem___home_pramos_ncs_toolchains_2be090971e_opt_zephyr_sdk_arm_zephyr_eabi_bin____lib_gcc_arm_zephyr_eabi_12_2_0_include___isystem___home_pramos_ncs_toolchains_2be090971e_opt_zephyr_sdk_arm_zephyr_eabi_bin____lib_gcc_arm_zephyr_eabi_12_2_0_include_fixed___Wl___unresolved_symbols_ignore_in_object_files__Wl___entry_0 succeeded with the following output:
Change Dir: /home/pramos/Documents/Univ/SETR/Class11/basic_01_a_blinkDemo/build/CMakeFiles/CMakeTmp

Run Build Command(s):/home/pramos/ncs/toolchains/2be090971e/usr/local/bin/ninja cmTC_45647 && [1/2] Building C object CMakeFiles/cmTC_45647.dir/src.c.obj
[2/2] Linking C executable cmTC_45647


Source file was:
int main(void) { return 0; }
Performing C SOURCE FILE Test check_fmacro_prefix_map__home_pramos_ncs_v2_6_0_zephyr_ZEPHYR_BASE_C__nostartfiles__nostdlib__isystem___home_pramos_ncs_toolchains_2be090971e_opt_zephyr_sdk_arm_zephyr_eabi_bin____lib_gcc_arm_zephyr_eabi_12_2_0_include___isystem___home_pramos_ncs_toolchains_2be090971e_opt_zephyr_sdk_arm_zephyr_eabi_bin____lib_gcc_arm_zephyr_eabi_12_2_0_include_fixed___Wl___unresolved_symbols_ignore_in_object_files__Wl___entry_0 succeeded with the following output:
Change Dir: /home/pramos/Documents/Univ/SETR/Class11/basic_01_a_blinkDemo/build/CMakeFiles/CMakeTmp

Run Build Command(s):/home/pramos/ncs/toolchains/2be090971e/usr/local/bin/ninja cmTC_71dbf && [1/2] Building C object CMakeFiles/cmTC_71dbf.dir/src.c.obj
[2/2] Linking C executable cmTC_71dbf


Source file was:
int main(void) { return 0; }
Performing C SOURCE FILE Test check_fmacro_prefix_map__home_pramos_ncs_v2_6_0_WEST_TOPDIR_C__nostartfiles__nostdlib__isystem___home_pramos_ncs_toolchains_2be090971e_opt_zephyr_sdk_arm_zephyr_eabi_bin____lib_gcc_arm_zephyr_eabi_12_2_0_include___isystem___home_pramos_ncs_toolchains_2be090971e_opt_zephyr_sdk_arm_zephyr_eabi_bin____lib_gcc_arm_zephyr_eabi_12_2_0_include_fixed___Wl___unresolved_symbols_ignore_in_object_files__Wl___entry_0 succeeded with the following output:
Change Dir: /home/pramos/Documents/Univ/SETR/Class11/basic_01_a_blinkDemo/build/CMakeFiles/CMakeTmp

Run Build Command(s):/home/pramos/ncs/toolchains/2be090971e/usr/local/bin/ninja cmTC_e8f6b && [1/2] Building C object CMakeFiles/cmTC_e8f6b.dir/src.c.obj
[2/2] Linking C executable cmTC_e8f6b


Source file was:
int main(void) { return 0; }
Performing C SOURCE FILE Test check_ffunction_sections_C__nostartfiles__nostdlib__isystem___home_pramos_ncs_toolchains_2be090971e_opt_zephyr_sdk_arm_zephyr_eabi_bin____lib_gcc_arm_zephyr_eabi_12_2_0_include___isystem___home_pramos_ncs_toolchains_2be090971e_opt_zephyr_sdk_arm_zephyr_eabi_bin____lib_gcc_arm_zephyr_eabi_12_2_0_include_fixed___Wl___unresolved_symbols_ignore_in_object_files__Wl___entry_0 succeeded with the following output:
Change Dir: /home/pramos/Documents/Univ/SETR/Class11/basic_01_a_blinkDemo/build/CMakeFiles/CMakeTmp

Run Build Command(s):/home/pramos/ncs/toolchains/2be090971e/usr/local/bin/ninja cmTC_d7c1a && [1/2] Building C object CMakeFiles/cmTC_d7c1a.dir/src.c.obj
[2/2] Linking C executable cmTC_d7c1a


Source file was:
int main(void) { return 0; }
Performing C SOURCE FILE Test check_fdata_sections_C__nostartfiles__nostdlib__isystem___home_pramos_ncs_toolchains_2be090971e_opt_zephyr_sdk_arm_zephyr_eabi_bin____lib_gcc_arm_zephyr_eabi_12_2_0_include___isystem___home_pramos_ncs_toolchains_2be090971e_opt_zephyr_sdk_arm_zephyr_eabi_bin____lib_gcc_arm_zephyr_eabi_12_2_0_include_fixed___Wl___unresolved_symbols_ignore_in_object_files__Wl___entry_0 succeeded with the following output:
Change Dir: /home/pramos/Documents/Univ/SETR/Class11/basic_01_a_blinkDemo/build/CMakeFiles/CMakeTmp

Run Build Command(s):/home/pramos/ncs/toolchains/2be090971e/usr/local/bin/ninja cmTC_1afea && [1/2] Building C object CMakeFiles/cmTC_1afea.dir/src.c.obj
[2/2] Linking C executable cmTC_1afea


Source file was:
int main(void) { return 0; }
